1.140000E+00  2.970342E+02
1.280000E+00  3.130090E+02
1.420000E+00  3.308322E+02
1.560000E+00  3.505037E+02
1.700000E+00  3.720236E+02
1.840000E+00  3.953917E+02
1.980000E+00  4.206083E+02
2.120000E+00  4.476731E+02
2.260000E+00  4.765862E+02
2.400000E+00  5.073477E+02
2.540000E+00  5.399576E+02
2.680000E+00  5.744157E+02
2.820000E+00  6.107222E+02
2.960000E+00  6.488770E+02
3.100000E+00  6.888802E+02
3.240000E+00  7.307316E+02
3.380000E+00  7.744314E+02
3.520000E+00  8.199796E+02
3.660000E+00  8.673760E+02
3.800000E+00  9.166208E+02
3.940000E+00  9.677139E+02
4.080000E+00  1.020655E+03
4.220000E+00  1.075445E+03
4.360000E+00  1.132083E+03
4.500000E+00  1.190570E+03
4.640000E+00  1.250905E+03
4.780000E+00  1.313088E+03
4.920000E+00  1.377119E+03
5.060000E+00  1.442999E+03
5.200000E+00  1.510727E+03
5.340000E+00  1.580303E+03
5.480000E+00  1.651728E+03
5.620000E+00  1.725001E+03
5.760000E+00  1.800123E+03
5.900000E+00  1.877092E+03
6.040000E+00  1.955910E+03
6.180000E+00  2.036577E+03
6.320000E+00  2.119092E+03
6.460000E+00  2.203455E+03
6.600000E+00  2.289666E+03
6.740000E+00  2.377726E+03
6.880000E+00  2.467634E+03
7.020000E+00  2.559390E+03
7.160000E+00  2.652995E+03
7.300000E+00  2.748448E+03
7.440000E+00  2.845749E+03
7.580000E+00  2.944899E+03
7.720000E+00  3.045897E+03
7.860000E+00  3.148743E+03
8.000000E+00  3.253438E+03
8.140000E+00  3.359981E+03
8.280000E+00  3.468372E+03
8.420000E+00  3.578612E+03
8.560000E+00  3.690700E+03
8.700000E+00  3.804637E+03
8.840000E+00  3.920421E+03
8.980000E+00  4.038054E+03
9.120000E+00  4.157536E+03
9.260000E+00  4.278865E+03
9.400000E+00  4.402043E+03
9.540000E+00  4.527070E+03
9.680000E+00  4.653944E+03
9.820000E+00  4.782667E+03
9.960000E+00  4.913239E+03
1.010000E+01  5.045658E+03
1.024000E+01  5.179926E+03
1.038000E+01  5.316042E+03
1.052000E+01  5.454007E+03
1.066000E+01  5.593820E+03
1.080000E+01  5.735481E+03
1.094000E+01  5.878991E+03
1.108000E+01  6.024349E+03
1.122000E+01  6.171555E+03
1.136000E+01  6.320610E+03
1.150000E+01  6.471513E+03
1.164000E+01  6.624264E+03
1.178000E+01  6.778864E+03
1.192000E+01  6.935312E+03
1.206000E+01  7.093608E+03
1.220000E+01  7.253752E+03
1.234000E+01  7.415745E+03
1.248000E+01  7.579587E+03
1.262000E+01  7.745276E+03
1.276000E+01  7.912814E+03
1.290000E+01  8.082200E+03
1.304000E+01  8.253435E+03
1.318000E+01  8.426518E+03
1.332000E+01  8.601449E+03
1.346000E+01  8.778229E+03
1.360000E+01  8.956857E+03
1.374000E+01  9.137333E+03
1.388000E+01  9.319657E+03
1.402000E+01  9.503830E+03
1.416000E+01  9.689851E+03
1.430000E+01  9.877721E+03
1.444000E+01  1.006744E+04
1.458000E+01  1.025901E+04
1.472000E+01  1.045242E+04
1.486000E+01  1.064768E+04
1.500000E+01  1.084479E+04
